Using pre-set license
Built from '2020.3/staging' branch; Version is '2020.3.9f1 (108be757e447) revision 1084391'; Using compiler version '192528614'; Build Type 'Release'
OS: 'Windows 10 Pro; OS build 18363.1500; Version 1909; 64bit' Language: 'ru' Physical Memory: 16318 MB
BatchMode: 1, IsHumanControllingUs: 0, StartBugReporterOnCrash: 0, Is64bit: 1, IsPro: 0

 COMMAND LINE ARGUMENTS:
C:\Program Files\Unity\Hub\Editor\2020.3.9f1\Editor\Unity.exe
-adb2
-batchMode
-noUpm
-name
AssetImportWorker0
-projectPath
D:/Unity proj/Tower Run
-logFile
Logs/AssetImportWorker0.log
-srvPort
11833
Successfully changed project path to: D:/Unity proj/Tower Run
D:/Unity proj/Tower Run
Using Asset Import Pipeline V2.
Refreshing native plugins compatible for Editor in 18.61 ms, found 0 plugins.
Preloading 0 native plugins for Editor in 0.00 ms.
Initialize engine version: 2020.3.9f1 (108be757e447)
[Subsystems] Discovering subsystems at path C:/Program Files/Unity/Hub/Editor/2020.3.9f1/Editor/Data/Resources/UnitySubsystems
[Subsystems] Discovering subsystems at path D:/Unity proj/Tower Run/Assets
GfxDevice: creating device client; threaded=0
Direct3D:
    Version:  Direct3D 11.0 [level 11.1]
    Renderer: Radeon RX 580 Series (ID=0x67df)
    Vendor:   
    VRAM:     8171 MB
    Driver:   27.20.14501.18003
Initialize mono
Mono path[0] = 'C:/Program Files/Unity/Hub/Editor/2020.3.9f1/Editor/Data/Managed'
Mono path[1] = 'C:/Program Files/Unity/Hub/Editor/2020.3.9f1/Editor/Data/MonoBleedingEdge/lib/mono/unityjit'
Mono config path = 'C:/Program Files/Unity/Hub/Editor/2020.3.9f1/Editor/Data/MonoBleedingEdge/etc'
Using monoOptions --debugger-agent=transport=dt_socket,embedding=1,server=y,suspend=n,address=127.0.0.1:56796
Begin MonoManager ReloadAssembly
Registering precompiled unity dll's ...
Register platform support module: C:/Program Files/Unity/Hub/Editor/2020.3.9f1/Editor/Data/PlaybackEngines/WebGLSupport/UnityEditor.WebGL.Extensions.dll
Register platform support module: C:/Program Files/Unity/Hub/Editor/2020.3.9f1/Editor/Data/PlaybackEngines/WindowsStandaloneSupport/UnityEditor.WindowsStandalone.Extensions.dll
Registered in 0.001795 seconds.
Native extension for WindowsStandalone target not found
Native extension for WebGL target not found
Refreshing native plugins compatible for Editor in 19.19 ms, found 0 plugins.
Preloading 0 native plugins for Editor in 0.00 ms.
Mono: successfully reloaded assembly
- Completed reload, in  1.689 seconds
Platform modules already initialized, skipping
Registering precompiled user dll's ...
Registered in 0.000392 seconds.
Begin MonoManager ReloadAssembly
Native extension for WindowsStandalone target not found
Native extension for WebGL target not found
Refreshing native plugins compatible for Editor in 0.15 ms, found 0 plugins.
Preloading 0 native plugins for Editor in 0.00 ms.
Mono: successfully reloaded assembly
- Completed reload, in  0.731 seconds
Platform modules already initialized, skipping
========================================================================
Worker process is ready to serve import requests
Launched and connected shader compiler UnityShaderCompiler.exe after 0.03 seconds
Refreshing native plugins compatible for Editor in 0.17 ms, found 0 plugins.
Preloading 0 native plugins for Editor in 0.00 ms.
Unloading 1115 Unused Serialized files (Serialized files now loaded: 0)
System memory in use before: 57.1 MB.
System memory in use after: 57.1 MB.

Unloading 10 unused Assets to reduce memory usage. Loaded Objects now: 1557.
Total: 1.295900 ms (FindLiveObjects: 0.090700 ms CreateObjectMapping: 0.024900 ms MarkObjects: 1.122000 ms  DeleteObjects: 0.057400 ms)

========================================================================
Received Import Request.
  path: Assets
  artifactKey: Guid(00000000000000001000000000000000) Importer(815301076,1909f56bfc062723c751e8b465ee728b)
Start importing Assets using Guid(00000000000000001000000000000000) Importer(815301076,1909f56bfc062723c751e8b465ee728b)  -> (artifact id: '42d402b061de3733987d63b9cc3b64de') in 0.002548 seconds
  Import took 0.004584 seconds .

========================================================================
Received Import Request.
  Time since last request: 30.713841 seconds.
  path: Assets/Scripts
  artifactKey: Guid(7aa5ef19a8644e5419aef0e4aa99250e) Importer(815301076,1909f56bfc062723c751e8b465ee728b)
Start importing Assets/Scripts using Guid(7aa5ef19a8644e5419aef0e4aa99250e) Importer(815301076,1909f56bfc062723c751e8b465ee728b)  -> (artifact id: 'c6f1bee6db55282d8c1d4fe09afb4fcd') in 0.001039 seconds
  Import took 0.002371 seconds .

========================================================================
Received Import Request.
  Time since last request: 9.057083 seconds.
  path: Assets/Prefabs
  artifactKey: Guid(5694b41168c2e4a4d8b121f7f03267e5) Importer(815301076,1909f56bfc062723c751e8b465ee728b)
Start importing Assets/Prefabs using Guid(5694b41168c2e4a4d8b121f7f03267e5) Importer(815301076,1909f56bfc062723c751e8b465ee728b)  -> (artifact id: 'ac5127e6098bcc45a8085c28951744c1') in 0.001011 seconds
  Import took 0.002692 seconds .

========================================================================
Received Import Request.
  Time since last request: 4.934734 seconds.
  path: Assets/Models
  artifactKey: Guid(bd189cb27c068dd4ba72977c53b198b2) Importer(815301076,1909f56bfc062723c751e8b465ee728b)
Start importing Assets/Models using Guid(bd189cb27c068dd4ba72977c53b198b2) Importer(815301076,1909f56bfc062723c751e8b465ee728b)  -> (artifact id: '1ebe245e3a667cf7868b9ad0797d78e3') in 0.000989 seconds
  Import took 0.002739 seconds .

========================================================================
Received Import Request.
  Time since last request: 13.596697 seconds.
  path: Assets/New Folder
  artifactKey: Guid(fd9e46730f921d74982193fc87ae0594) Importer(815301076,1909f56bfc062723c751e8b465ee728b)
Start importing Assets/New Folder using Guid(fd9e46730f921d74982193fc87ae0594) Importer(815301076,1909f56bfc062723c751e8b465ee728b)  -> (artifact id: '200b7c07444642e514f0477856b8b9f4') in 0.001161 seconds
  Import took 0.002656 seconds .

========================================================================
Received Import Request.
  Time since last request: 14.777216 seconds.
  path: Assets/Models/sporty_granny.fbx
  artifactKey: Guid(6a02e527dc1b98d4a85549ae0c115490) Importer(815301076,1909f56bfc062723c751e8b465ee728b)
Start importing Assets/Models/sporty_granny.fbx using Guid(6a02e527dc1b98d4a85549ae0c115490) Importer(815301076,1909f56bfc062723c751e8b465ee728b)  -> (artifact id: '99414ea722aff90c2e91963ab5b17f88') in 0.736681 seconds
  Import took 0.738853 seconds .

========================================================================
Received Import Request.
  Time since last request: 75.632283 seconds.
  path: Assets/Scenes/SampleScene.unity
  artifactKey: Guid(9fc0d4010bbf28b4594072e72b8655ab) Importer(815301076,1909f56bfc062723c751e8b465ee728b)
Start importing Assets/Scenes/SampleScene.unity using Guid(9fc0d4010bbf28b4594072e72b8655ab) Importer(815301076,1909f56bfc062723c751e8b465ee728b)  -> (artifact id: '85059f4f9e1a832ed95adaa0d25c5c4c') in 0.001263 seconds
  Import took 0.002902 seconds .

========================================================================
Received Import Request.
  Time since last request: 0.000436 seconds.
  path: Assets/Scenes/SampleScene.unity
  artifactKey: Guid(9fc0d4010bbf28b4594072e72b8655ab) Importer(815301076,1909f56bfc062723c751e8b465ee728b)
Start importing Assets/Scenes/SampleScene.unity using Guid(9fc0d4010bbf28b4594072e72b8655ab) Importer(815301076,1909f56bfc062723c751e8b465ee728b)  -> (artifact id: '85059f4f9e1a832ed95adaa0d25c5c4c') in 0.001354 seconds
  Import took 0.002731 seconds .

========================================================================
Received Prepare
Registering precompiled user dll's ...
Registered in 0.000332 seconds.
Begin MonoManager ReloadAssembly
Native extension for WindowsStandalone target not found
Native extension for WebGL target not found
Refreshing native plugins compatible for Editor in 0.16 ms, found 0 plugins.
Preloading 0 native plugins for Editor in 0.00 ms.
Mono: successfully reloaded assembly
- Completed reload, in  0.644 seconds
Platform modules already initialized, skipping
Refreshing native plugins compatible for Editor in 0.15 ms, found 0 plugins.
Preloading 0 native plugins for Editor in 0.00 ms.
Unloading 1132 Unused Serialized files (Serialized files now loaded: 0)
System memory in use before: 74.7 MB.
System memory in use after: 74.7 MB.

Unloading 5 unused Assets to reduce memory usage. Loaded Objects now: 1626.
Total: 1.272000 ms (FindLiveObjects: 0.086200 ms CreateObjectMapping: 0.024200 ms MarkObjects: 1.131200 ms  DeleteObjects: 0.029600 ms)

========================================================================
Received Import Request.
  Time since last request: 101.457690 seconds.
  path: Assets/Models/sporty_granny.fbx
  artifactKey: Guid(6a02e527dc1b98d4a85549ae0c115490) Importer(815301076,1909f56bfc062723c751e8b465ee728b)
Start importing Assets/Models/sporty_granny.fbx using Guid(6a02e527dc1b98d4a85549ae0c115490) Importer(815301076,1909f56bfc062723c751e8b465ee728b)  -> (artifact id: '1f66e0abe63da6011f2d2d1b38e73b2e') in 0.116687 seconds
  Import took 0.118499 seconds .

========================================================================
Received Import Request.
  Time since last request: 508.094743 seconds.
  path: Assets/Animations
  artifactKey: Guid(61742b83ace5f974485ad66b1b439a70) Importer(815301076,1909f56bfc062723c751e8b465ee728b)
Start importing Assets/Animations using Guid(61742b83ace5f974485ad66b1b439a70) Importer(815301076,1909f56bfc062723c751e8b465ee728b)  -> (artifact id: 'f057b83e67f3d399b82cc3e37ac44484') in 0.001126 seconds
  Import took 0.002831 seconds .

========================================================================
Received Import Request.
  Time since last request: 6.202342 seconds.
  path: Assets/Animations/sporty_granny@Fast Run.fbx
  artifactKey: Guid(cb58fd19bea3c7348b91e62ea6b97d36) Importer(815301076,1909f56bfc062723c751e8b465ee728b)
Start importing Assets/Animations/sporty_granny@Fast Run.fbx using Guid(cb58fd19bea3c7348b91e62ea6b97d36) Importer(815301076,1909f56bfc062723c751e8b465ee728b)  -> (artifact id: '254bb12eac28d8238e488ecc8067cc0f') in 0.049834 seconds
  Import took 0.051659 seconds .

========================================================================
Received Import Request.
  Time since last request: 37.286968 seconds.
  path: Assets/Animations/sporty_granny@Fast Run (1).fbx
  artifactKey: Guid(f990fe36688af304e934451551891c0d) Importer(815301076,1909f56bfc062723c751e8b465ee728b)
Start importing Assets/Animations/sporty_granny@Fast Run (1).fbx using Guid(f990fe36688af304e934451551891c0d) Importer(815301076,1909f56bfc062723c751e8b465ee728b)  -> (artifact id: 'c1c669b93cb06f71ddc3512540a19a05') in 0.004025 seconds
  Import took 0.005821 seconds .

========================================================================
Received Import Request.
  Time since last request: 147.459098 seconds.
  path: Assets/Animations/sporty_granny@Fast Run (2).fbx
  artifactKey: Guid(cc98dfcf3bf2b56408c66b329a44d8b5) Importer(815301076,1909f56bfc062723c751e8b465ee728b)
Start importing Assets/Animations/sporty_granny@Fast Run (2).fbx using Guid(cc98dfcf3bf2b56408c66b329a44d8b5) Importer(815301076,1909f56bfc062723c751e8b465ee728b)  -> (artifact id: '6df49659f72e28caf2b92760e1edb005') in 0.004261 seconds
  Import took 0.006071 seconds .

========================================================================
Received Import Request.
  Time since last request: 59.399347 seconds.
  path: Assets/Animations/sporty_granny@Fast Run (3).fbx
  artifactKey: Guid(ec8451c64c9b21749a704638e30618c8) Importer(815301076,1909f56bfc062723c751e8b465ee728b)
Start importing Assets/Animations/sporty_granny@Fast Run (3).fbx using Guid(ec8451c64c9b21749a704638e30618c8) Importer(815301076,1909f56bfc062723c751e8b465ee728b)  -> (artifact id: '9edd8f843ea430594d38bffb541b59b4') in 0.049101 seconds
  Import took 0.050920 seconds .

========================================================================
Received Prepare
Registering precompiled user dll's ...
Registered in 0.000337 seconds.
Begin MonoManager ReloadAssembly
Native extension for WindowsStandalone target not found
Native extension for WebGL target not found
Refreshing native plugins compatible for Editor in 0.18 ms, found 0 plugins.
Preloading 0 native plugins for Editor in 0.00 ms.
Mono: successfully reloaded assembly
- Completed reload, in  0.668 seconds
Platform modules already initialized, skipping
Switching build target platform(19) subTarget(0) extendedPlatform(0) -> platform(13) subTarget(537395200) extendedPlatform(0)
Refreshing native plugins compatible for Editor in 0.17 ms, found 0 plugins.
Preloading 0 native plugins for Editor in 0.00 ms.
Unloading 1136 Unused Serialized files (Serialized files now loaded: 0)
System memory in use before: 74.8 MB.
System memory in use after: 74.9 MB.

Unloading 5 unused Assets to reduce memory usage. Loaded Objects now: 1630.
Total: 1.218000 ms (FindLiveObjects: 0.093800 ms CreateObjectMapping: 0.025000 ms MarkObjects: 1.064600 ms  DeleteObjects: 0.034000 ms)

AssetImportParameters requested are different than current active one (requested -> active):
  custom:graphics/normal-map-encoding: 01000000000000000000000000000000 -> 02000000000000000000000000000000
========================================================================
Received Prepare
Refreshing native plugins compatible for Editor in 0.47 ms, found 0 plugins.
Preloading 0 native plugins for Editor in 0.00 ms.
Unloading 3 Unused Serialized files (Serialized files now loaded: 0)
System memory in use before: 52.3 MB.
System memory in use after: 52.4 MB.

Unloading 3 unused Assets to reduce memory usage. Loaded Objects now: 1630.
Total: 1.169500 ms (FindLiveObjects: 0.089300 ms CreateObjectMapping: 0.027500 ms MarkObjects: 1.021100 ms  DeleteObjects: 0.030700 ms)

========================================================================
Received Import Request.
  Time since last request: 256.189534 seconds.
  path: Assets/PathCreator/Examples/Materials/Black.mat
  artifactKey: Guid(69561553b86bde34da494d1ffed3ba45) Importer(815301076,1909f56bfc062723c751e8b465ee728b)
Start importing Assets/PathCreator/Examples/Materials/Black.mat using Guid(69561553b86bde34da494d1ffed3ba45) Importer(815301076,1909f56bfc062723c751e8b465ee728b)  -> (artifact id: '381bafcbe32d2181ad0fa711fa376f36') in 0.060408 seconds
  Import took 0.061979 seconds .

========================================================================
Received Import Request.
  Time since last request: 0.000151 seconds.
  path: Assets/PathCreator/Examples/Materials/Blue.mat
  artifactKey: Guid(5c270a73328a99e439fec44a0cf3a17d) Importer(815301076,1909f56bfc062723c751e8b465ee728b)
Start importing Assets/PathCreator/Examples/Materials/Blue.mat using Guid(5c270a73328a99e439fec44a0cf3a17d) Importer(815301076,1909f56bfc062723c751e8b465ee728b)  -> (artifact id: '12b664c7dd88986ce3a79fc517cc570b') in 0.007002 seconds
  Import took 0.008534 seconds .

========================================================================
Received Import Request.
  Time since last request: 0.000164 seconds.
  path: Assets/PathCreator/Examples/Materials/Road.mat
  artifactKey: Guid(b5df4735192845740bd11076dc9cdc99) Importer(815301076,1909f56bfc062723c751e8b465ee728b)
Start importing Assets/PathCreator/Examples/Materials/Road.mat using Guid(b5df4735192845740bd11076dc9cdc99) Importer(815301076,1909f56bfc062723c751e8b465ee728b)  -> (artifact id: '950c3a241022a565835987afa0eee0ee') in 0.025846 seconds
  Import took 0.027540 seconds .

========================================================================
Received Import Request.
  Time since last request: 0.000220 seconds.
  path: Assets/PathCreator/Examples/Materials/Green.mat
  artifactKey: Guid(9ca80467a033e954a8b9ad8601d6f4c7) Importer(815301076,1909f56bfc062723c751e8b465ee728b)
Start importing Assets/PathCreator/Examples/Materials/Green.mat using Guid(9ca80467a033e954a8b9ad8601d6f4c7) Importer(815301076,1909f56bfc062723c751e8b465ee728b)  -> (artifact id: '655c9087263bc56ae4bf4d003bd8ffbb') in 0.005068 seconds
  Import took 0.006495 seconds .

========================================================================
Received Import Request.
  Time since last request: 0.000169 seconds.
  path: Assets/PathCreator/Examples/Materials/Brown.mat
  artifactKey: Guid(d5b3a558a1e7f4a4182b166bb2f27cf7) Importer(815301076,1909f56bfc062723c751e8b465ee728b)
Start importing Assets/PathCreator/Examples/Materials/Brown.mat using Guid(d5b3a558a1e7f4a4182b166bb2f27cf7) Importer(815301076,1909f56bfc062723c751e8b465ee728b)  -> (artifact id: 'eb544d644882f19aba7934a6d88fbec1') in 0.005354 seconds
  Import took 0.006771 seconds .

========================================================================
Received Import Request.
  Time since last request: 0.000182 seconds.
  path: Assets/PathCreator/Examples/Materials/Dark Grey.mat
  artifactKey: Guid(407e3de4fbbcf4a99b17bf5aac2d28d8) Importer(815301076,1909f56bfc062723c751e8b465ee728b)
Start importing Assets/PathCreator/Examples/Materials/Dark Grey.mat using Guid(407e3de4fbbcf4a99b17bf5aac2d28d8) Importer(815301076,1909f56bfc062723c751e8b465ee728b)  -> (artifact id: '24a6027ad94edb872db64d96d25b182a') in 0.004663 seconds
  Import took 0.006100 seconds .

========================================================================
Received Import Request.
  Time since last request: 0.000156 seconds.
  path: Assets/PathCreator/Examples/Materials/Red.mat
  artifactKey: Guid(01763a1c279a5cd4d8f897f6b6cdbae5) Importer(815301076,1909f56bfc062723c751e8b465ee728b)
Start importing Assets/PathCreator/Examples/Materials/Red.mat using Guid(01763a1c279a5cd4d8f897f6b6cdbae5) Importer(815301076,1909f56bfc062723c751e8b465ee728b)  -> (artifact id: '4a3ab6a7fbc2d8294d5633c72a93da55') in 0.004956 seconds
  Import took 0.006413 seconds .

========================================================================
Received Import Request.
  Time since last request: 0.000174 seconds.
  path: Assets/PathCreator/Examples/Materials/Road Underside.mat
  artifactKey: Guid(c1d8d882244c5344fa86a8fd23246f81) Importer(815301076,1909f56bfc062723c751e8b465ee728b)
Start importing Assets/PathCreator/Examples/Materials/Road Underside.mat using Guid(c1d8d882244c5344fa86a8fd23246f81) Importer(815301076,1909f56bfc062723c751e8b465ee728b)  -> (artifact id: '4abe80c44af374a653857e3bbdb4107b') in 0.004932 seconds
  Import took 0.006342 seconds .

========================================================================
Received Import Request.
  Time since last request: 50.150572 seconds.
  path: Assets/Models/sporty_granny.fbx
  artifactKey: Guid(6a02e527dc1b98d4a85549ae0c115490) Importer(815301076,1909f56bfc062723c751e8b465ee728b)
Start importing Assets/Models/sporty_granny.fbx using Guid(6a02e527dc1b98d4a85549ae0c115490) Importer(815301076,1909f56bfc062723c751e8b465ee728b)  -> (artifact id: '2c546537193ebb29163d2847b996626a') in 0.181290 seconds
  Import took 0.183124 seconds .

========================================================================
Received Import Request.
  Time since last request: 16.167580 seconds.
  path: Assets/PathCreator/Examples/Materials/Road Texture.png
  artifactKey: Guid(eef7def8a6d89134284369bbe0145515) Importer(815301076,1909f56bfc062723c751e8b465ee728b)
Start importing Assets/PathCreator/Examples/Materials/Road Texture.png using Guid(eef7def8a6d89134284369bbe0145515) Importer(815301076,1909f56bfc062723c751e8b465ee728b)  -> (artifact id: 'bcc07aac0992d3f607047538ef1be608') in 0.031628 seconds
  Import took 0.033205 seconds .

========================================================================
Received Import Request.
  Time since last request: 0.000617 seconds.
  path: Assets/PathCreator/Examples/Materials/Road Texture.png
  artifactKey: Guid(eef7def8a6d89134284369bbe0145515) Importer(815301076,1909f56bfc062723c751e8b465ee728b)
Start importing Assets/PathCreator/Examples/Materials/Road Texture.png using Guid(eef7def8a6d89134284369bbe0145515) Importer(815301076,1909f56bfc062723c751e8b465ee728b)  -> (artifact id: 'bcc07aac0992d3f607047538ef1be608') in 0.015251 seconds
  Import took 0.016733 seconds .

========================================================================
Received Import Request.
  Time since last request: 24.368511 seconds.
  path: Assets/Models/sporty_granny.fbx
  artifactKey: Guid(6a02e527dc1b98d4a85549ae0c115490) Importer(815301076,1909f56bfc062723c751e8b465ee728b)
Start importing Assets/Models/sporty_granny.fbx using Guid(6a02e527dc1b98d4a85549ae0c115490) Importer(815301076,1909f56bfc062723c751e8b465ee728b)  -> (artifact id: 'd019c8e877e201743d96745903a0bf73') in 0.049616 seconds
  Import took 0.052533 seconds .

========================================================================
Received Import Request.
  Time since last request: 482.982706 seconds.
  path: Assets/Prefabs/sporty_granny.prefab
  artifactKey: Guid(2b7763827083f5243bbd705d88c01275) Importer(815301076,1909f56bfc062723c751e8b465ee728b)
Start importing Assets/Prefabs/sporty_granny.prefab using Guid(2b7763827083f5243bbd705d88c01275) Importer(815301076,1909f56bfc062723c751e8b465ee728b)  -> (artifact id: '2d426bcc6699d8e2953af9a1eae79f7f') in 0.015480 seconds
  Import took 0.017573 seconds .

========================================================================
Received Import Request.
  Time since last request: 75.475708 seconds.
  path: Assets/Scripts/PathFollower.cs
  artifactKey: Guid(963da64f9afbedc418e4f1174c437e61) Importer(815301076,1909f56bfc062723c751e8b465ee728b)
Start importing Assets/Scripts/PathFollower.cs using Guid(963da64f9afbedc418e4f1174c437e61) Importer(815301076,1909f56bfc062723c751e8b465ee728b)  -> (artifact id: '117db96c2c3b90b4b8f2e94ed45d3c9f') in 0.009748 seconds
  Import took 0.011344 seconds .

========================================================================
Received Prepare
Registering precompiled user dll's ...
Registered in 0.000461 seconds.
Begin MonoManager ReloadAssembly
Native extension for WindowsStandalone target not found
Native extension for WebGL target not found
Refreshing native plugins compatible for Editor in 0.16 ms, found 0 plugins.
Preloading 0 native plugins for Editor in 0.00 ms.
Mono: successfully reloaded assembly
- Completed reload, in  0.682 seconds
Platform modules already initialized, skipping
Switching build target platform(19) subTarget(0) extendedPlatform(0) -> platform(13) subTarget(537395200) extendedPlatform(0)
Refreshing native plugins compatible for Editor in 0.16 ms, found 0 plugins.
Preloading 0 native plugins for Editor in 0.00 ms.
Unloading 1137 Unused Serialized files (Serialized files now loaded: 0)
System memory in use before: 74.9 MB.
System memory in use after: 75.0 MB.

Unloading 5 unused Assets to reduce memory usage. Loaded Objects now: 1636.
Total: 1.865600 ms (FindLiveObjects: 0.386700 ms CreateObjectMapping: 0.082400 ms MarkObjects: 1.349200 ms  DeleteObjects: 0.044700 ms)

AssetImportParameters requested are different than current active one (requested -> active):
  custom:graphics/normal-map-encoding: 01000000000000000000000000000000 -> 02000000000000000000000000000000
========================================================================
Received Prepare
Registering precompiled user dll's ...
Registered in 0.000351 seconds.
Begin MonoManager ReloadAssembly
Native extension for WindowsStandalone target not found
Native extension for WebGL target not found
Refreshing native plugins compatible for Editor in 0.17 ms, found 0 plugins.
Preloading 0 native plugins for Editor in 0.00 ms.
Mono: successfully reloaded assembly
- Completed reload, in  0.663 seconds
Platform modules already initialized, skipping
Switching build target platform(19) subTarget(0) extendedPlatform(0) -> platform(13) subTarget(537395200) extendedPlatform(0)
Refreshing native plugins compatible for Editor in 0.15 ms, found 0 plugins.
Preloading 0 native plugins for Editor in 0.00 ms.
Unloading 1137 Unused Serialized files (Serialized files now loaded: 0)
System memory in use before: 74.9 MB.
System memory in use after: 75.0 MB.

Unloading 5 unused Assets to reduce memory usage. Loaded Objects now: 1639.
Total: 1.314800 ms (FindLiveObjects: 0.095500 ms CreateObjectMapping: 0.026100 ms MarkObjects: 1.156600 ms  DeleteObjects: 0.035900 ms)

AssetImportParameters requested are different than current active one (requested -> active):
  custom:graphics/normal-map-encoding: 01000000000000000000000000000000 -> 02000000000000000000000000000000
========================================================================
Received Import Request.
  Time since last request: 351.376274 seconds.
  path: Assets/Scripts/PathFollower.cs
  artifactKey: Guid(963da64f9afbedc418e4f1174c437e61) Importer(815301076,1909f56bfc062723c751e8b465ee728b)
Start importing Assets/Scripts/PathFollower.cs using Guid(963da64f9afbedc418e4f1174c437e61) Importer(815301076,1909f56bfc062723c751e8b465ee728b)  -> (artifact id: '3b612ddf9769d399a4abebfc35e3893a') in 0.002506 seconds
  Import took 0.003855 seconds .

========================================================================
Received Prepare
Registering precompiled user dll's ...
Registered in 0.000632 seconds.
Begin MonoManager ReloadAssembly
Native extension for WindowsStandalone target not found
Native extension for WebGL target not found
Refreshing native plugins compatible for Editor in 0.16 ms, found 0 plugins.
Preloading 0 native plugins for Editor in 0.00 ms.
Mono: successfully reloaded assembly
- Completed reload, in  0.658 seconds
Platform modules already initialized, skipping
Switching build target platform(19) subTarget(0) extendedPlatform(0) -> platform(13) subTarget(537395200) extendedPlatform(0)
Refreshing native plugins compatible for Editor in 0.15 ms, found 0 plugins.
Preloading 0 native plugins for Editor in 0.00 ms.
Unloading 1137 Unused Serialized files (Serialized files now loaded: 0)
System memory in use before: 74.9 MB.
System memory in use after: 75.0 MB.

Unloading 5 unused Assets to reduce memory usage. Loaded Objects now: 1642.
Total: 1.328800 ms (FindLiveObjects: 0.089000 ms CreateObjectMapping: 0.025400 ms MarkObjects: 1.142700 ms  DeleteObjects: 0.071300 ms)

AssetImportParameters requested are different than current active one (requested -> active):
  custom:graphics/normal-map-encoding: 01000000000000000000000000000000 -> 02000000000000000000000000000000
========================================================================
Received Prepare
Registering precompiled user dll's ...
Registered in 0.000454 seconds.
Begin MonoManager ReloadAssembly
Native extension for WindowsStandalone target not found
Native extension for WebGL target not found
Refreshing native plugins compatible for Editor in 0.17 ms, found 0 plugins.
Preloading 0 native plugins for Editor in 0.00 ms.
Mono: successfully reloaded assembly
- Completed reload, in  0.689 seconds
Platform modules already initialized, skipping
Switching build target platform(19) subTarget(0) extendedPlatform(0) -> platform(13) subTarget(537395200) extendedPlatform(0)
Refreshing native plugins compatible for Editor in 0.15 ms, found 0 plugins.
Preloading 0 native plugins for Editor in 0.00 ms.
Unloading 1137 Unused Serialized files (Serialized files now loaded: 0)
System memory in use before: 75.0 MB.
System memory in use after: 75.0 MB.

Unloading 5 unused Assets to reduce memory usage. Loaded Objects now: 1645.
Total: 1.180500 ms (FindLiveObjects: 0.091600 ms CreateObjectMapping: 0.025700 ms MarkObjects: 1.029600 ms  DeleteObjects: 0.033000 ms)

AssetImportParameters requested are different than current active one (requested -> active):
  custom:graphics/normal-map-encoding: 01000000000000000000000000000000 -> 02000000000000000000000000000000
========================================================================
Received Prepare
Registering precompiled user dll's ...
Registered in 0.000400 seconds.
Begin MonoManager ReloadAssembly
Native extension for WindowsStandalone target not found
Native extension for WebGL target not found
Refreshing native plugins compatible for Editor in 0.16 ms, found 0 plugins.
Preloading 0 native plugins for Editor in 0.00 ms.
Mono: successfully reloaded assembly
- Completed reload, in  0.686 seconds
Platform modules already initialized, skipping
Switching build target platform(19) subTarget(0) extendedPlatform(0) -> platform(13) subTarget(537395200) extendedPlatform(0)
Refreshing native plugins compatible for Editor in 0.16 ms, found 0 plugins.
Preloading 0 native plugins for Editor in 0.00 ms.
Unloading 1137 Unused Serialized files (Serialized files now loaded: 0)
System memory in use before: 75.0 MB.
System memory in use after: 75.0 MB.

Unloading 5 unused Assets to reduce memory usage. Loaded Objects now: 1648.
Total: 1.285300 ms (FindLiveObjects: 0.088900 ms CreateObjectMapping: 0.025200 ms MarkObjects: 1.136300 ms  DeleteObjects: 0.034200 ms)

AssetImportParameters requested are different than current active one (requested -> active):
  custom:graphics/normal-map-encoding: 01000000000000000000000000000000 -> 02000000000000000000000000000000
========================================================================
Received Prepare
Registering precompiled user dll's ...
Registered in 0.000400 seconds.
Begin MonoManager ReloadAssembly
Native extension for WindowsStandalone target not found
Native extension for WebGL target not found
Refreshing native plugins compatible for Editor in 0.16 ms, found 0 plugins.
Preloading 0 native plugins for Editor in 0.00 ms.
Mono: successfully reloaded assembly
- Completed reload, in  0.719 seconds
Platform modules already initialized, skipping
Switching build target platform(19) subTarget(0) extendedPlatform(0) -> platform(13) subTarget(537395200) extendedPlatform(0)
Refreshing native plugins compatible for Editor in 0.15 ms, found 0 plugins.
Preloading 0 native plugins for Editor in 0.00 ms.
Unloading 1137 Unused Serialized files (Serialized files now loaded: 0)
System memory in use before: 75.0 MB.
System memory in use after: 75.0 MB.

Unloading 5 unused Assets to reduce memory usage. Loaded Objects now: 1651.
Total: 1.194200 ms (FindLiveObjects: 0.089100 ms CreateObjectMapping: 0.024400 ms MarkObjects: 1.048100 ms  DeleteObjects: 0.032100 ms)

AssetImportParameters requested are different than current active one (requested -> active):
  custom:graphics/normal-map-encoding: 01000000000000000000000000000000 -> 02000000000000000000000000000000
========================================================================
Received Prepare
Registering precompiled user dll's ...
Registered in 0.000521 seconds.
Begin MonoManager ReloadAssembly
Native extension for WindowsStandalone target not found
Native extension for WebGL target not found
Refreshing native plugins compatible for Editor in 0.16 ms, found 0 plugins.
Preloading 0 native plugins for Editor in 0.00 ms.
Mono: successfully reloaded assembly
- Completed reload, in  0.709 seconds
Platform modules already initialized, skipping
Switching build target platform(19) subTarget(0) extendedPlatform(0) -> platform(13) subTarget(537395200) extendedPlatform(0)
Refreshing native plugins compatible for Editor in 0.17 ms, found 0 plugins.
Preloading 0 native plugins for Editor in 0.00 ms.
Unloading 1137 Unused Serialized files (Serialized files now loaded: 0)
System memory in use before: 75.0 MB.
System memory in use after: 75.0 MB.

Unloading 5 unused Assets to reduce memory usage. Loaded Objects now: 1654.
Total: 1.606000 ms (FindLiveObjects: 0.110300 ms CreateObjectMapping: 0.029300 ms MarkObjects: 1.420500 ms  DeleteObjects: 0.044800 ms)

AssetImportParameters requested are different than current active one (requested -> active):
  custom:graphics/normal-map-encoding: 01000000000000000000000000000000 -> 02000000000000000000000000000000
========================================================================
Received Prepare
Registering precompiled user dll's ...
Registered in 0.000361 seconds.
Begin MonoManager ReloadAssembly
Native extension for WindowsStandalone target not found
Native extension for WebGL target not found
Refreshing native plugins compatible for Editor in 0.16 ms, found 0 plugins.
Preloading 0 native plugins for Editor in 0.00 ms.
Mono: successfully reloaded assembly
- Completed reload, in  0.727 seconds
Platform modules already initialized, skipping
Switching build target platform(19) subTarget(0) extendedPlatform(0) -> platform(13) subTarget(537395200) extendedPlatform(0)
Refreshing native plugins compatible for Editor in 0.16 ms, found 0 plugins.
Preloading 0 native plugins for Editor in 0.00 ms.
Unloading 1137 Unused Serialized files (Serialized files now loaded: 0)
System memory in use before: 75.0 MB.
System memory in use after: 75.1 MB.

Unloading 5 unused Assets to reduce memory usage. Loaded Objects now: 1657.
Total: 1.400200 ms (FindLiveObjects: 0.133000 ms CreateObjectMapping: 0.032700 ms MarkObjects: 1.192800 ms  DeleteObjects: 0.040500 ms)

AssetImportParameters requested are different than current active one (requested -> active):
  custom:graphics/normal-map-encoding: 01000000000000000000000000000000 -> 02000000000000000000000000000000
========================================================================
Received Prepare
Registering precompiled user dll's ...
Registered in 0.000401 seconds.
Begin MonoManager ReloadAssembly
Native extension for WindowsStandalone target not found
Native extension for WebGL target not found
Refreshing native plugins compatible for Editor in 0.17 ms, found 0 plugins.
Preloading 0 native plugins for Editor in 0.00 ms.
Mono: successfully reloaded assembly
- Completed reload, in  0.725 seconds
Platform modules already initialized, skipping
Switching build target platform(19) subTarget(0) extendedPlatform(0) -> platform(13) subTarget(537395200) extendedPlatform(0)
Refreshing native plugins compatible for Editor in 0.16 ms, found 0 plugins.
Preloading 0 native plugins for Editor in 0.00 ms.
Unloading 1137 Unused Serialized files (Serialized files now loaded: 0)
System memory in use before: 75.0 MB.
System memory in use after: 75.1 MB.

Unloading 5 unused Assets to reduce memory usage. Loaded Objects now: 1660.
Total: 1.243500 ms (FindLiveObjects: 0.109000 ms CreateObjectMapping: 0.030600 ms MarkObjects: 1.068100 ms  DeleteObjects: 0.035300 ms)

AssetImportParameters requested are different than current active one (requested -> active):
  custom:graphics/normal-map-encoding: 01000000000000000000000000000000 -> 02000000000000000000000000000000
========================================================================
Received Prepare
Registering precompiled user dll's ...
Registered in 0.000345 seconds.
Begin MonoManager ReloadAssembly
Native extension for WindowsStandalone target not found
Native extension for WebGL target not found
Refreshing native plugins compatible for Editor in 0.16 ms, found 0 plugins.
Preloading 0 native plugins for Editor in 0.00 ms.
Mono: successfully reloaded assembly
- Completed reload, in  0.726 seconds
Platform modules already initialized, skipping
Switching build target platform(19) subTarget(0) extendedPlatform(0) -> platform(13) subTarget(537395200) extendedPlatform(0)
Refreshing native plugins compatible for Editor in 0.15 ms, found 0 plugins.
Preloading 0 native plugins for Editor in 0.00 ms.
Unloading 1137 Unused Serialized files (Serialized files now loaded: 0)
System memory in use before: 75.0 MB.
System memory in use after: 75.1 MB.

Unloading 5 unused Assets to reduce memory usage. Loaded Objects now: 1663.
Total: 1.310900 ms (FindLiveObjects: 0.098900 ms CreateObjectMapping: 0.028500 ms MarkObjects: 1.146900 ms  DeleteObjects: 0.035800 ms)

AssetImportParameters requested are different than current active one (requested -> active):
  custom:graphics/normal-map-encoding: 01000000000000000000000000000000 -> 02000000000000000000000000000000
========================================================================
Received Prepare
Registering precompiled user dll's ...
Registered in 0.000340 seconds.
Begin MonoManager ReloadAssembly
Native extension for WindowsStandalone target not found
Native extension for WebGL target not found
Refreshing native plugins compatible for Editor in 0.16 ms, found 0 plugins.
Preloading 0 native plugins for Editor in 0.00 ms.
Mono: successfully reloaded assembly
- Completed reload, in  0.797 seconds
Platform modules already initialized, skipping
Switching build target platform(19) subTarget(0) extendedPlatform(0) -> platform(13) subTarget(537395200) extendedPlatform(0)
Refreshing native plugins compatible for Editor in 0.20 ms, found 0 plugins.
Preloading 0 native plugins for Editor in 0.00 ms.
Unloading 1138 Unused Serialized files (Serialized files now loaded: 0)
System memory in use before: 75.0 MB.
System memory in use after: 75.1 MB.

Unloading 5 unused Assets to reduce memory usage. Loaded Objects now: 1667.
Total: 1.827400 ms (FindLiveObjects: 0.110400 ms CreateObjectMapping: 0.030600 ms MarkObjects: 1.641500 ms  DeleteObjects: 0.043800 ms)

AssetImportParameters requested are different than current active one (requested -> active):
  custom:graphics/normal-map-encoding: 01000000000000000000000000000000 -> 02000000000000000000000000000000
========================================================================
Received Import Request.
  Time since last request: 458.824465 seconds.
  path: Assets/Scripts/Jumper.cs
  artifactKey: Guid(98833ba413354694cb59c54e74d36cb1) Importer(815301076,1909f56bfc062723c751e8b465ee728b)
Start importing Assets/Scripts/Jumper.cs using Guid(98833ba413354694cb59c54e74d36cb1) Importer(815301076,1909f56bfc062723c751e8b465ee728b)  -> (artifact id: '626f39c0ca99c2d05e2f6e246775ba6f') in 0.003075 seconds
  Import took 0.004789 seconds .

========================================================================
Received Prepare
Registering precompiled user dll's ...
Registered in 0.000344 seconds.
Begin MonoManager ReloadAssembly
Native extension for WindowsStandalone target not found
Native extension for WebGL target not found
Refreshing native plugins compatible for Editor in 0.16 ms, found 0 plugins.
Preloading 0 native plugins for Editor in 0.00 ms.
Mono: successfully reloaded assembly
- Completed reload, in  0.817 seconds
Platform modules already initialized, skipping
Switching build target platform(19) subTarget(0) extendedPlatform(0) -> platform(13) subTarget(537395200) extendedPlatform(0)
Refreshing native plugins compatible for Editor in 0.16 ms, found 0 plugins.
Preloading 0 native plugins for Editor in 0.00 ms.
Unloading 1138 Unused Serialized files (Serialized files now loaded: 0)
System memory in use before: 75.0 MB.
System memory in use after: 75.1 MB.

Unloading 5 unused Assets to reduce memory usage. Loaded Objects now: 1670.
Total: 1.301200 ms (FindLiveObjects: 0.099500 ms CreateObjectMapping: 0.028700 ms MarkObjects: 1.135200 ms  DeleteObjects: 0.037000 ms)

AssetImportParameters requested are different than current active one (requested -> active):
  custom:graphics/normal-map-encoding: 01000000000000000000000000000000 -> 02000000000000000000000000000000
========================================================================
Received Prepare
Registering precompiled user dll's ...
Registered in 0.000374 seconds.
Begin MonoManager ReloadAssembly
Native extension for WindowsStandalone target not found
Native extension for WebGL target not found
Refreshing native plugins compatible for Editor in 0.16 ms, found 0 plugins.
Preloading 0 native plugins for Editor in 0.00 ms.
Mono: successfully reloaded assembly
- Completed reload, in  0.735 seconds
Platform modules already initialized, skipping
Switching build target platform(19) subTarget(0) extendedPlatform(0) -> platform(13) subTarget(537395200) extendedPlatform(0)
Refreshing native plugins compatible for Editor in 0.15 ms, found 0 plugins.
Preloading 0 native plugins for Editor in 0.00 ms.
Unloading 1138 Unused Serialized files (Serialized files now loaded: 0)
System memory in use before: 75.0 MB.
System memory in use after: 75.1 MB.

Unloading 5 unused Assets to reduce memory usage. Loaded Objects now: 1673.
Total: 1.334300 ms (FindLiveObjects: 0.092000 ms CreateObjectMapping: 0.025300 ms MarkObjects: 1.182600 ms  DeleteObjects: 0.033800 ms)

AssetImportParameters requested are different than current active one (requested -> active):
  custom:graphics/normal-map-encoding: 01000000000000000000000000000000 -> 02000000000000000000000000000000
========================================================================
Received Import Request.
  Time since last request: 167.985414 seconds.
  path: Assets/Scripts/Jumper.cs
  artifactKey: Guid(98833ba413354694cb59c54e74d36cb1) Importer(815301076,1909f56bfc062723c751e8b465ee728b)
Start importing Assets/Scripts/Jumper.cs using Guid(98833ba413354694cb59c54e74d36cb1) Importer(815301076,1909f56bfc062723c751e8b465ee728b)  -> (artifact id: '5c04bb8c3ce661f242939cfd2f2860f2') in 0.002410 seconds
  Import took 0.003825 seconds .

========================================================================
Received Prepare
Registering precompiled user dll's ...
Registered in 0.000350 seconds.
Begin MonoManager ReloadAssembly
Native extension for WindowsStandalone target not found
Native extension for WebGL target not found
Refreshing native plugins compatible for Editor in 0.17 ms, found 0 plugins.
Preloading 0 native plugins for Editor in 0.00 ms.
Mono: successfully reloaded assembly
- Completed reload, in  0.737 seconds
Platform modules already initialized, skipping
Switching build target platform(19) subTarget(0) extendedPlatform(0) -> platform(13) subTarget(537395200) extendedPlatform(0)
Refreshing native plugins compatible for Editor in 0.15 ms, found 0 plugins.
Preloading 0 native plugins for Editor in 0.00 ms.
Unloading 1138 Unused Serialized files (Serialized files now loaded: 0)
System memory in use before: 75.0 MB.
System memory in use after: 75.1 MB.

Unloading 5 unused Assets to reduce memory usage. Loaded Objects now: 1676.
Total: 1.282500 ms (FindLiveObjects: 0.099400 ms CreateObjectMapping: 0.026100 ms MarkObjects: 1.119000 ms  DeleteObjects: 0.037300 ms)

AssetImportParameters requested are different than current active one (requested -> active):
  custom:graphics/normal-map-encoding: 01000000000000000000000000000000 -> 02000000000000000000000000000000
========================================================================
Received Import Request.
  Time since last request: 152.051782 seconds.
  path: Assets/Scripts/Road.cs
  artifactKey: Guid(647fb24d8527197479376c416f5d0083) Importer(815301076,1909f56bfc062723c751e8b465ee728b)
Start importing Assets/Scripts/Road.cs using Guid(647fb24d8527197479376c416f5d0083) Importer(815301076,1909f56bfc062723c751e8b465ee728b)  -> (artifact id: 'cb1e8c190ce90ac53754d6ae64a4030c') in 0.003010 seconds
  Import took 0.004550 seconds .

========================================================================
Received Import Request.
  Time since last request: 0.000822 seconds.
  path: Assets/Scripts/Road.cs
  artifactKey: Guid(647fb24d8527197479376c416f5d0083) Importer(815301076,1909f56bfc062723c751e8b465ee728b)
Start importing Assets/Scripts/Road.cs using Guid(647fb24d8527197479376c416f5d0083) Importer(815301076,1909f56bfc062723c751e8b465ee728b)  -> (artifact id: 'cb1e8c190ce90ac53754d6ae64a4030c') in 0.001310 seconds
  Import took 0.002811 seconds .

========================================================================
Received Prepare
Registering precompiled user dll's ...
Registered in 0.000353 seconds.
Begin MonoManager ReloadAssembly
Native extension for WindowsStandalone target not found
Native extension for WebGL target not found
Refreshing native plugins compatible for Editor in 0.22 ms, found 0 plugins.
Preloading 0 native plugins for Editor in 0.00 ms.
Mono: successfully reloaded assembly
- Completed reload, in  0.792 seconds
Platform modules already initialized, skipping
Switching build target platform(19) subTarget(0) extendedPlatform(0) -> platform(13) subTarget(537395200) extendedPlatform(0)
Refreshing native plugins compatible for Editor in 0.16 ms, found 0 plugins.
Preloading 0 native plugins for Editor in 0.00 ms.
Unloading 1139 Unused Serialized files (Serialized files now loaded: 0)
System memory in use before: 75.1 MB.
System memory in use after: 75.2 MB.

Unloading 5 unused Assets to reduce memory usage. Loaded Objects now: 1680.
Total: 1.216300 ms (FindLiveObjects: 0.099100 ms CreateObjectMapping: 0.026000 ms MarkObjects: 1.051500 ms  DeleteObjects: 0.039000 ms)

AssetImportParameters requested are different than current active one (requested -> active):
  custom:graphics/normal-map-encoding: 01000000000000000000000000000000 -> 02000000000000000000000000000000
========================================================================
Received Prepare
Registering precompiled user dll's ...
Registered in 0.000351 seconds.
Begin MonoManager ReloadAssembly
Native extension for WindowsStandalone target not found
Native extension for WebGL target not found
Refreshing native plugins compatible for Editor in 0.16 ms, found 0 plugins.
Preloading 0 native plugins for Editor in 0.00 ms.
Mono: successfully reloaded assembly
- Completed reload, in  0.757 seconds
Platform modules already initialized, skipping
Switching build target platform(19) subTarget(0) extendedPlatform(0) -> platform(13) subTarget(537395200) extendedPlatform(0)
Refreshing native plugins compatible for Editor in 0.15 ms, found 0 plugins.
Preloading 0 native plugins for Editor in 0.00 ms.
Unloading 1139 Unused Serialized files (Serialized files now loaded: 0)
System memory in use before: 75.1 MB.
System memory in use after: 75.2 MB.

Unloading 5 unused Assets to reduce memory usage. Loaded Objects now: 1683.
Total: 1.272800 ms (FindLiveObjects: 0.090100 ms CreateObjectMapping: 0.024500 ms MarkObjects: 1.125300 ms  DeleteObjects: 0.032300 ms)

AssetImportParameters requested are different than current active one (requested -> active):
  custom:graphics/normal-map-encoding: 01000000000000000000000000000000 -> 02000000000000000000000000000000
========================================================================
Received Prepare
Registering precompiled user dll's ...
Registered in 0.000353 seconds.
Begin MonoManager ReloadAssembly
Native extension for WindowsStandalone target not found
Native extension for WebGL target not found
Refreshing native plugins compatible for Editor in 0.16 ms, found 0 plugins.
Preloading 0 native plugins for Editor in 0.00 ms.
Mono: successfully reloaded assembly
- Completed reload, in  0.738 seconds
Platform modules already initialized, skipping
Switching build target platform(19) subTarget(0) extendedPlatform(0) -> platform(13) subTarget(537395200) extendedPlatform(0)
Refreshing native plugins compatible for Editor in 0.15 ms, found 0 plugins.
Preloading 0 native plugins for Editor in 0.00 ms.
Unloading 1139 Unused Serialized files (Serialized files now loaded: 0)
System memory in use before: 75.1 MB.
System memory in use after: 75.2 MB.

Unloading 5 unused Assets to reduce memory usage. Loaded Objects now: 1686.
Total: 1.262500 ms (FindLiveObjects: 0.089300 ms CreateObjectMapping: 0.025100 ms MarkObjects: 1.115300 ms  DeleteObjects: 0.032000 ms)

AssetImportParameters requested are different than current active one (requested -> active):
  custom:graphics/normal-map-encoding: 01000000000000000000000000000000 -> 02000000000000000000000000000000
========================================================================
Received Import Request.
  Time since last request: 15.948772 seconds.
  path: Assets/Scripts/Road.cs
  artifactKey: Guid(647fb24d8527197479376c416f5d0083) Importer(815301076,1909f56bfc062723c751e8b465ee728b)
Start importing Assets/Scripts/Road.cs using Guid(647fb24d8527197479376c416f5d0083) Importer(815301076,1909f56bfc062723c751e8b465ee728b)  -> (artifact id: 'e5c94e1eba1d08c03f44b2c7e3e8e970') in 0.002686 seconds
  Import took 0.004059 seconds .

========================================================================
Received Prepare
Registering precompiled user dll's ...
Registered in 0.000342 seconds.
Begin MonoManager ReloadAssembly
Native extension for WindowsStandalone target not found
Native extension for WebGL target not found
Refreshing native plugins compatible for Editor in 0.16 ms, found 0 plugins.
Preloading 0 native plugins for Editor in 0.00 ms.
Mono: successfully reloaded assembly
- Completed reload, in  0.751 seconds
Platform modules already initialized, skipping
Switching build target platform(19) subTarget(0) extendedPlatform(0) -> platform(13) subTarget(537395200) extendedPlatform(0)
Refreshing native plugins compatible for Editor in 0.16 ms, found 0 plugins.
Preloading 0 native plugins for Editor in 0.00 ms.
Unloading 1139 Unused Serialized files (Serialized files now loaded: 0)
System memory in use before: 75.1 MB.
System memory in use after: 75.2 MB.

Unloading 5 unused Assets to reduce memory usage. Loaded Objects now: 1689.
Total: 1.248600 ms (FindLiveObjects: 0.100000 ms CreateObjectMapping: 0.027100 ms MarkObjects: 1.087500 ms  DeleteObjects: 0.033400 ms)

AssetImportParameters requested are different than current active one (requested -> active):
  custom:graphics/normal-map-encoding: 01000000000000000000000000000000 -> 02000000000000000000000000000000
========================================================================
Received Prepare
Registering precompiled user dll's ...
Registered in 0.000678 seconds.
Begin MonoManager ReloadAssembly
Native extension for WindowsStandalone target not found
Native extension for WebGL target not found
Refreshing native plugins compatible for Editor in 0.16 ms, found 0 plugins.
Preloading 0 native plugins for Editor in 0.00 ms.
Mono: successfully reloaded assembly
- Completed reload, in  0.763 seconds
Platform modules already initialized, skipping
Switching build target platform(19) subTarget(0) extendedPlatform(0) -> platform(13) subTarget(537395200) extendedPlatform(0)
Refreshing native plugins compatible for Editor in 0.15 ms, found 0 plugins.
Preloading 0 native plugins for Editor in 0.00 ms.
Unloading 1139 Unused Serialized files (Serialized files now loaded: 0)
System memory in use before: 75.1 MB.
System memory in use after: 75.2 MB.

Unloading 5 unused Assets to reduce memory usage. Loaded Objects now: 1692.
Total: 1.389400 ms (FindLiveObjects: 0.113100 ms CreateObjectMapping: 0.025700 ms MarkObjects: 1.193600 ms  DeleteObjects: 0.056200 ms)

AssetImportParameters requested are different than current active one (requested -> active):
  custom:graphics/normal-map-encoding: 01000000000000000000000000000000 -> 02000000000000000000000000000000
========================================================================
Received Import Request.
  Time since last request: 304.640931 seconds.
  path: Assets/Scripts/Tower.cs
  artifactKey: Guid(7d7a328354034f1479cee71a9b985529) Importer(815301076,1909f56bfc062723c751e8b465ee728b)
Start importing Assets/Scripts/Tower.cs using Guid(7d7a328354034f1479cee71a9b985529) Importer(815301076,1909f56bfc062723c751e8b465ee728b)  -> (artifact id: '6d2e3fba475842595cb75b0f24732785') in 0.003019 seconds
  Import took 0.004774 seconds .

========================================================================
Received Prepare
Registering precompiled user dll's ...
Registered in 0.000388 seconds.
Begin MonoManager ReloadAssembly
Native extension for WindowsStandalone target not found
Native extension for WebGL target not found
Refreshing native plugins compatible for Editor in 0.16 ms, found 0 plugins.
Preloading 0 native plugins for Editor in 0.00 ms.
Mono: successfully reloaded assembly
- Completed reload, in  0.808 seconds
Platform modules already initialized, skipping
Switching build target platform(19) subTarget(0) extendedPlatform(0) -> platform(13) subTarget(537395200) extendedPlatform(0)
Refreshing native plugins compatible for Editor in 0.16 ms, found 0 plugins.
Preloading 0 native plugins for Editor in 0.00 ms.
Unloading 1140 Unused Serialized files (Serialized files now loaded: 0)
System memory in use before: 75.2 MB.
System memory in use after: 75.2 MB.

Unloading 5 unused Assets to reduce memory usage. Loaded Objects now: 1696.
Total: 1.316000 ms (FindLiveObjects: 0.101300 ms CreateObjectMapping: 0.028000 ms MarkObjects: 1.149500 ms  DeleteObjects: 0.036600 ms)

AssetImportParameters requested are different than current active one (requested -> active):
  custom:graphics/normal-map-encoding: 01000000000000000000000000000000 -> 02000000000000000000000000000000
========================================================================
Received Import Request.
  Time since last request: 9.083156 seconds.
  path: Assets/Scripts/Human.cs
  artifactKey: Guid(f556d261696cd8a4192fe2b9ffede9d1) Importer(815301076,1909f56bfc062723c751e8b465ee728b)
Start importing Assets/Scripts/Human.cs using Guid(f556d261696cd8a4192fe2b9ffede9d1) Importer(815301076,1909f56bfc062723c751e8b465ee728b)  -> (artifact id: 'c03fc94bcb877cf3b120d05c624ac424') in 0.003349 seconds
  Import took 0.005265 seconds .

========================================================================
Received Import Request.
  Time since last request: 0.002554 seconds.
  path: Assets/Scripts/Human.cs
  artifactKey: Guid(f556d261696cd8a4192fe2b9ffede9d1) Importer(815301076,1909f56bfc062723c751e8b465ee728b)
Start importing Assets/Scripts/Human.cs using Guid(f556d261696cd8a4192fe2b9ffede9d1) Importer(815301076,1909f56bfc062723c751e8b465ee728b)  -> (artifact id: 'c03fc94bcb877cf3b120d05c624ac424') in 0.001269 seconds
  Import took 0.002795 seconds .

========================================================================
Received Prepare
Registering precompiled user dll's ...
Registered in 0.001669 seconds.
Begin MonoManager ReloadAssembly
Native extension for WindowsStandalone target not found
Native extension for WebGL target not found
Refreshing native plugins compatible for Editor in 0.21 ms, found 0 plugins.
Preloading 0 native plugins for Editor in 0.00 ms.
Mono: successfully reloaded assembly
- Completed reload, in  0.797 seconds
Platform modules already initialized, skipping
Switching build target platform(19) subTarget(0) extendedPlatform(0) -> platform(13) subTarget(537395200) extendedPlatform(0)
Refreshing native plugins compatible for Editor in 0.16 ms, found 0 plugins.
Preloading 0 native plugins for Editor in 0.00 ms.
Unloading 1141 Unused Serialized files (Serialized files now loaded: 0)
System memory in use before: 75.2 MB.
System memory in use after: 75.3 MB.

Unloading 5 unused Assets to reduce memory usage. Loaded Objects now: 1700.
Total: 1.315500 ms (FindLiveObjects: 0.108500 ms CreateObjectMapping: 0.031300 ms MarkObjects: 1.140000 ms  DeleteObjects: 0.035000 ms)

AssetImportParameters requested are different than current active one (requested -> active):
  custom:graphics/normal-map-encoding: 01000000000000000000000000000000 -> 02000000000000000000000000000000
========================================================================
Received Import Request.
  Time since last request: 79.669793 seconds.
  path: Assets/Prefabs/sporty_granny.prefab
  artifactKey: Guid(2b7763827083f5243bbd705d88c01275) Importer(815301076,1909f56bfc062723c751e8b465ee728b)
Start importing Assets/Prefabs/sporty_granny.prefab using Guid(2b7763827083f5243bbd705d88c01275) Importer(815301076,1909f56bfc062723c751e8b465ee728b)  -> (artifact id: 'ac39fd6d55db1542274bdcb5d6ab42a6') in 0.310069 seconds
  Import took 0.312125 seconds .

========================================================================
Received Import Request.
  Time since last request: 178.827091 seconds.
  path: Assets/Prefabs/sporty_granny.prefab
  artifactKey: Guid(2b7763827083f5243bbd705d88c01275) Importer(815301076,1909f56bfc062723c751e8b465ee728b)
Start importing Assets/Prefabs/sporty_granny.prefab using Guid(2b7763827083f5243bbd705d88c01275) Importer(815301076,1909f56bfc062723c751e8b465ee728b)  -> (artifact id: '5c6140e33a822e097caf79902fb0420e') in 0.013628 seconds
  Import took 0.015792 seconds .

========================================================================
Received Import Request.
  Time since last request: 97.285403 seconds.
  path: Assets/Prefabs/sporty_granny.prefab
  artifactKey: Guid(2b7763827083f5243bbd705d88c01275) Importer(815301076,1909f56bfc062723c751e8b465ee728b)
Start importing Assets/Prefabs/sporty_granny.prefab using Guid(2b7763827083f5243bbd705d88c01275) Importer(815301076,1909f56bfc062723c751e8b465ee728b)  -> (artifact id: '11f6c4c46625ae2b37af8a9a0bd861cf') in 0.016845 seconds
  Import took 0.019527 seconds .

========================================================================
Received Import Request.
  Time since last request: 0.003204 seconds.
  path: Assets/Prefabs/sporty_granny.prefab
  artifactKey: Guid(2b7763827083f5243bbd705d88c01275) Importer(815301076,1909f56bfc062723c751e8b465ee728b)
Start importing Assets/Prefabs/sporty_granny.prefab using Guid(2b7763827083f5243bbd705d88c01275) Importer(815301076,1909f56bfc062723c751e8b465ee728b)  -> (artifact id: '11f6c4c46625ae2b37af8a9a0bd861cf') in 0.011389 seconds
  Import took 0.013246 seconds .

========================================================================
Received Import Request.
  Time since last request: 25.213669 seconds.
  path: Assets/Prefabs/sporty_granny.prefab
  artifactKey: Guid(2b7763827083f5243bbd705d88c01275) Importer(815301076,1909f56bfc062723c751e8b465ee728b)
Start importing Assets/Prefabs/sporty_granny.prefab using Guid(2b7763827083f5243bbd705d88c01275) Importer(815301076,1909f56bfc062723c751e8b465ee728b)  -> (artifact id: '440fa3394c0224d06078c31b39bf0466') in 0.012516 seconds
  Import took 0.014683 seconds .

========================================================================
Received Import Request.
  Time since last request: 20.621338 seconds.
  path: Assets/Prefabs/sporty_granny.prefab
  artifactKey: Guid(2b7763827083f5243bbd705d88c01275) Importer(815301076,1909f56bfc062723c751e8b465ee728b)
Start importing Assets/Prefabs/sporty_granny.prefab using Guid(2b7763827083f5243bbd705d88c01275) Importer(815301076,1909f56bfc062723c751e8b465ee728b)  -> (artifact id: 'ccd64ac5b7a09efe576fe5921d95aef4') in 0.012447 seconds
  Import took 0.014382 seconds .

========================================================================
Received Import Request.
  Time since last request: 5.023310 seconds.
  path: Assets/Prefabs/sporty_granny.prefab
  artifactKey: Guid(2b7763827083f5243bbd705d88c01275) Importer(815301076,1909f56bfc062723c751e8b465ee728b)
Start importing Assets/Prefabs/sporty_granny.prefab using Guid(2b7763827083f5243bbd705d88c01275) Importer(815301076,1909f56bfc062723c751e8b465ee728b)  -> (artifact id: 'fbba2bf353fe352e3e10baa9a29eabfd') in 0.011976 seconds
  Import took 0.014030 seconds .

========================================================================
Received Import Request.
  Time since last request: 5.435420 seconds.
  path: Assets/Prefabs/sporty_granny.prefab
  artifactKey: Guid(2b7763827083f5243bbd705d88c01275) Importer(815301076,1909f56bfc062723c751e8b465ee728b)
Start importing Assets/Prefabs/sporty_granny.prefab using Guid(2b7763827083f5243bbd705d88c01275) Importer(815301076,1909f56bfc062723c751e8b465ee728b)  -> (artifact id: '4837387b02b09c44d9f4d38db0c63f9d') in 0.014828 seconds
  Import took 0.017046 seconds .

========================================================================
Received Import Request.
  Time since last request: 0.795582 seconds.
  path: Assets/Prefabs/sporty_granny.prefab
  artifactKey: Guid(2b7763827083f5243bbd705d88c01275) Importer(815301076,1909f56bfc062723c751e8b465ee728b)
Start importing Assets/Prefabs/sporty_granny.prefab using Guid(2b7763827083f5243bbd705d88c01275) Importer(815301076,1909f56bfc062723c751e8b465ee728b)  -> (artifact id: 'c32e7a8cd24b01541b26ae58adbcb04b') in 0.013678 seconds
  Import took 0.015652 seconds .

========================================================================
Received Import Request.
  Time since last request: 3.213290 seconds.
  path: Assets/Prefabs/sporty_granny.prefab
  artifactKey: Guid(2b7763827083f5243bbd705d88c01275) Importer(815301076,1909f56bfc062723c751e8b465ee728b)
Start importing Assets/Prefabs/sporty_granny.prefab using Guid(2b7763827083f5243bbd705d88c01275) Importer(815301076,1909f56bfc062723c751e8b465ee728b)  -> (artifact id: '79ed9f65cabc6183bd32df0570172788') in 0.012802 seconds
  Import took 0.014753 seconds .

========================================================================
Received Import Request.
  Time since last request: 14.785895 seconds.
  path: Assets/Prefabs/sporty_granny.prefab
  artifactKey: Guid(2b7763827083f5243bbd705d88c01275) Importer(815301076,1909f56bfc062723c751e8b465ee728b)
Start importing Assets/Prefabs/sporty_granny.prefab using Guid(2b7763827083f5243bbd705d88c01275) Importer(815301076,1909f56bfc062723c751e8b465ee728b)  -> (artifact id: '46ec08c21dd489014d3b10358719a665') in 0.014726 seconds
  Import took 0.016651 seconds .

========================================================================
Received Import Request.
  Time since last request: 5.024788 seconds.
  path: Assets/Prefabs/sporty_granny.prefab
  artifactKey: Guid(2b7763827083f5243bbd705d88c01275) Importer(815301076,1909f56bfc062723c751e8b465ee728b)
Start importing Assets/Prefabs/sporty_granny.prefab using Guid(2b7763827083f5243bbd705d88c01275) Importer(815301076,1909f56bfc062723c751e8b465ee728b)  -> (artifact id: '866c16e4e09211f2c2726fcf285a5b1b') in 0.013711 seconds
  Import took 0.015710 seconds .

========================================================================
Received Import Request.
  Time since last request: 15.825579 seconds.
  path: Assets/Prefabs/sporty_granny.prefab
  artifactKey: Guid(2b7763827083f5243bbd705d88c01275) Importer(815301076,1909f56bfc062723c751e8b465ee728b)
Start importing Assets/Prefabs/sporty_granny.prefab using Guid(2b7763827083f5243bbd705d88c01275) Importer(815301076,1909f56bfc062723c751e8b465ee728b)  -> (artifact id: '836a42a449c156a19327e6f660339b25') in 0.013001 seconds
  Import took 0.014977 seconds .

========================================================================
Received Prepare
Registering precompiled user dll's ...
Registered in 0.000372 seconds.
Begin MonoManager ReloadAssembly
Native extension for WindowsStandalone target not found
Native extension for WebGL target not found
Refreshing native plugins compatible for Editor in 0.16 ms, found 0 plugins.
Preloading 0 native plugins for Editor in 0.00 ms.
Mono: successfully reloaded assembly
- Completed reload, in  0.792 seconds
Platform modules already initialized, skipping
Switching build target platform(19) subTarget(0) extendedPlatform(0) -> platform(13) subTarget(537395200) extendedPlatform(0)
Refreshing native plugins compatible for Editor in 0.15 ms, found 0 plugins.
Preloading 0 native plugins for Editor in 0.00 ms.
Unloading 1141 Unused Serialized files (Serialized files now loaded: 0)
System memory in use before: 75.3 MB.
System memory in use after: 75.4 MB.

Unloading 5 unused Assets to reduce memory usage. Loaded Objects now: 1704.
Total: 1.330200 ms (FindLiveObjects: 0.095600 ms CreateObjectMapping: 0.025400 ms MarkObjects: 1.118000 ms  DeleteObjects: 0.090600 ms)

AssetImportParameters requested are different than current active one (requested -> active):
  custom:graphics/normal-map-encoding: 01000000000000000000000000000000 -> 02000000000000000000000000000000
========================================================================
Received Import Request.
  Time since last request: 172.217866 seconds.
  path: Assets/Prefabs/sporty_granny.prefab
  artifactKey: Guid(2b7763827083f5243bbd705d88c01275) Importer(815301076,1909f56bfc062723c751e8b465ee728b)
Start importing Assets/Prefabs/sporty_granny.prefab using Guid(2b7763827083f5243bbd705d88c01275) Importer(815301076,1909f56bfc062723c751e8b465ee728b)  -> (artifact id: '86bff2dfe29637a525fb61e507bd8865') in 0.052366 seconds
  Import took 0.054278 seconds .

========================================================================
Received Import Request.
  Time since last request: 11.920098 seconds.
  path: Assets/Prefabs/sporty_granny.prefab
  artifactKey: Guid(2b7763827083f5243bbd705d88c01275) Importer(815301076,1909f56bfc062723c751e8b465ee728b)
Start importing Assets/Prefabs/sporty_granny.prefab using Guid(2b7763827083f5243bbd705d88c01275) Importer(815301076,1909f56bfc062723c751e8b465ee728b)  -> (artifact id: 'a9f701ed8700069e429c3d57e2cbcca9') in 0.013500 seconds
  Import took 0.015537 seconds .

========================================================================
Received Prepare
Registering precompiled user dll's ...
Registered in 0.000351 seconds.
Begin MonoManager ReloadAssembly
Native extension for WindowsStandalone target not found
Native extension for WebGL target not found
Refreshing native plugins compatible for Editor in 0.16 ms, found 0 plugins.
Preloading 0 native plugins for Editor in 0.00 ms.
Mono: successfully reloaded assembly
- Completed reload, in  0.789 seconds
Platform modules already initialized, skipping
Switching build target platform(19) subTarget(0) extendedPlatform(0) -> platform(13) subTarget(537395200) extendedPlatform(0)
Refreshing native plugins compatible for Editor in 0.16 ms, found 0 plugins.
Preloading 0 native plugins for Editor in 0.00 ms.
Unloading 1141 Unused Serialized files (Serialized files now loaded: 0)
System memory in use before: 75.4 MB.
System memory in use after: 75.4 MB.

Unloading 5 unused Assets to reduce memory usage. Loaded Objects now: 1708.
Total: 1.300600 ms (FindLiveObjects: 0.097600 ms CreateObjectMapping: 0.026300 ms MarkObjects: 1.138400 ms  DeleteObjects: 0.037700 ms)

AssetImportParameters requested are different than current active one (requested -> active):
  custom:graphics/normal-map-encoding: 01000000000000000000000000000000 -> 02000000000000000000000000000000
========================================================================
Received Import Request.
  Time since last request: 571.863387 seconds.
  path: Assets/Scripts/Tower.cs
  artifactKey: Guid(7d7a328354034f1479cee71a9b985529) Importer(815301076,1909f56bfc062723c751e8b465ee728b)
Start importing Assets/Scripts/Tower.cs using Guid(7d7a328354034f1479cee71a9b985529) Importer(815301076,1909f56bfc062723c751e8b465ee728b)  -> (artifact id: 'd178e4048b855dbab208189df7635752') in 0.002458 seconds
  Import took 0.003884 seconds .

========================================================================
Received Prepare
Registering precompiled user dll's ...
Registered in 0.000491 seconds.
Begin MonoManager ReloadAssembly
Native extension for WindowsStandalone target not found
Native extension for WebGL target not found
Refreshing native plugins compatible for Editor in 0.18 ms, found 0 plugins.
Preloading 0 native plugins for Editor in 0.00 ms.
Mono: successfully reloaded assembly
- Completed reload, in  0.836 seconds
Platform modules already initialized, skipping
Switching build target platform(19) subTarget(0) extendedPlatform(0) -> platform(13) subTarget(537395200) extendedPlatform(0)
Refreshing native plugins compatible for Editor in 0.16 ms, found 0 plugins.
Preloading 0 native plugins for Editor in 0.00 ms.
Unloading 1141 Unused Serialized files (Serialized files now loaded: 0)
System memory in use before: 75.4 MB.
System memory in use after: 75.4 MB.

Unloading 5 unused Assets to reduce memory usage. Loaded Objects now: 1711.
Total: 1.314600 ms (FindLiveObjects: 0.105000 ms CreateObjectMapping: 0.029600 ms MarkObjects: 1.142000 ms  DeleteObjects: 0.037200 ms)

AssetImportParameters requested are different than current active one (requested -> active):
  custom:graphics/normal-map-encoding: 01000000000000000000000000000000 -> 02000000000000000000000000000000
========================================================================
Received Prepare
Registering precompiled user dll's ...
Registered in 0.000383 seconds.
Begin MonoManager ReloadAssembly
Native extension for WindowsStandalone target not found
Native extension for WebGL target not found
Refreshing native plugins compatible for Editor in 0.16 ms, found 0 plugins.
Preloading 0 native plugins for Editor in 0.00 ms.
Mono: successfully reloaded assembly
- Completed reload, in  0.799 seconds
Platform modules already initialized, skipping
Switching build target platform(19) subTarget(0) extendedPlatform(0) -> platform(13) subTarget(537395200) extendedPlatform(0)
Refreshing native plugins compatible for Editor in 0.15 ms, found 0 plugins.
Preloading 0 native plugins for Editor in 0.00 ms.
Unloading 1141 Unused Serialized files (Serialized files now loaded: 0)
System memory in use before: 75.4 MB.
System memory in use after: 75.4 MB.

Unloading 5 unused Assets to reduce memory usage. Loaded Objects now: 1714.
Total: 1.324800 ms (FindLiveObjects: 0.094700 ms CreateObjectMapping: 0.025400 ms MarkObjects: 1.170300 ms  DeleteObjects: 0.033800 ms)

AssetImportParameters requested are different than current active one (requested -> active):
  custom:graphics/normal-map-encoding: 01000000000000000000000000000000 -> 02000000000000000000000000000000
========================================================================
Received Import Request.
  Time since last request: 103.165196 seconds.
  path: Assets/Prefabs/New Folder
  artifactKey: Guid(ef17742480fcee04ca0286b36ebda0da) Importer(815301076,1909f56bfc062723c751e8b465ee728b)
Start importing Assets/Prefabs/New Folder using Guid(ef17742480fcee04ca0286b36ebda0da) Importer(815301076,1909f56bfc062723c751e8b465ee728b)  -> (artifact id: 'b96173706f076821fcc50410dbd1de66') in 0.002887 seconds
  Import took 0.004602 seconds .

========================================================================
Received Import Request.
  Time since last request: 3.916725 seconds.
  path: Assets/Prefabs/Humans
  artifactKey: Guid(ef17742480fcee04ca0286b36ebda0da) Importer(815301076,1909f56bfc062723c751e8b465ee728b)
Start importing Assets/Prefabs/Humans using Guid(ef17742480fcee04ca0286b36ebda0da) Importer(815301076,1909f56bfc062723c751e8b465ee728b)  -> (artifact id: '2757a5ae4c987e21f7e61089672f4ce8') in 0.001354 seconds
  Import took 0.002868 seconds .

========================================================================
Received Import Request.
  Time since last request: 4.631480 seconds.
  path: Assets/Prefabs/Tower.prefab
  artifactKey: Guid(5641a9b8fb193f549a8f910a0706140e) Importer(815301076,1909f56bfc062723c751e8b465ee728b)
Start importing Assets/Prefabs/Tower.prefab using Guid(5641a9b8fb193f549a8f910a0706140e) Importer(815301076,1909f56bfc062723c751e8b465ee728b)  -> (artifact id: '093caa5e7414020772d8fa12e0bbc59e') in 0.020385 seconds
  Import took 0.022255 seconds .

========================================================================
Received Import Request.
  Time since last request: 0.042952 seconds.
  path: Assets/Prefabs/Tower.prefab
  artifactKey: Guid(5641a9b8fb193f549a8f910a0706140e) Importer(815301076,1909f56bfc062723c751e8b465ee728b)
Start importing Assets/Prefabs/Tower.prefab using Guid(5641a9b8fb193f549a8f910a0706140e) Importer(815301076,1909f56bfc062723c751e8b465ee728b)  -> (artifact id: '093caa5e7414020772d8fa12e0bbc59e') in 0.003809 seconds
  Import took 0.005595 seconds .

========================================================================
Received Prepare
Registering precompiled user dll's ...
Registered in 0.000435 seconds.
Begin MonoManager ReloadAssembly
Native extension for WindowsStandalone target not found
Native extension for WebGL target not found
Refreshing native plugins compatible for Editor in 0.18 ms, found 0 plugins.
Preloading 0 native plugins for Editor in 0.00 ms.
Mono: successfully reloaded assembly
- Completed reload, in  0.796 seconds
Platform modules already initialized, skipping
Switching build target platform(19) subTarget(0) extendedPlatform(0) -> platform(13) subTarget(537395200) extendedPlatform(0)
Refreshing native plugins compatible for Editor in 0.15 ms, found 0 plugins.
Preloading 0 native plugins for Editor in 0.00 ms.
Unloading 1141 Unused Serialized files (Serialized files now loaded: 0)
System memory in use before: 75.4 MB.
System memory in use after: 75.4 MB.

Unloading 5 unused Assets to reduce memory usage. Loaded Objects now: 1717.
Total: 1.397400 ms (FindLiveObjects: 0.095200 ms CreateObjectMapping: 0.025300 ms MarkObjects: 1.238700 ms  DeleteObjects: 0.037500 ms)

AssetImportParameters requested are different than current active one (requested -> active):
  custom:graphics/normal-map-encoding: 01000000000000000000000000000000 -> 02000000000000000000000000000000
========================================================================
Received Import Request.
  Time since last request: 86.217412 seconds.
  path: Assets/Scripts/LevelCreator.cs
  artifactKey: Guid(e4c7643fc41e9224d9a633f3afddb1dd) Importer(815301076,1909f56bfc062723c751e8b465ee728b)
Start importing Assets/Scripts/LevelCreator.cs using Guid(e4c7643fc41e9224d9a633f3afddb1dd) Importer(815301076,1909f56bfc062723c751e8b465ee728b)  -> (artifact id: 'c01a5d0431c4e6b72a4757024890f5f3') in 0.003099 seconds
  Import took 0.004589 seconds .

========================================================================
Received Import Request.
  Time since last request: 0.000229 seconds.
  path: Assets/Scripts/LevelCreator.cs
  artifactKey: Guid(e4c7643fc41e9224d9a633f3afddb1dd) Importer(815301076,1909f56bfc062723c751e8b465ee728b)
Start importing Assets/Scripts/LevelCreator.cs using Guid(e4c7643fc41e9224d9a633f3afddb1dd) Importer(815301076,1909f56bfc062723c751e8b465ee728b)  -> (artifact id: 'c01a5d0431c4e6b72a4757024890f5f3') in 0.001513 seconds
  Import took 0.003034 seconds .

========================================================================
Received Prepare
Registering precompiled user dll's ...
Registered in 0.000375 seconds.
Begin MonoManager ReloadAssembly
Native extension for WindowsStandalone target not found
Native extension for WebGL target not found
Refreshing native plugins compatible for Editor in 0.16 ms, found 0 plugins.
Preloading 0 native plugins for Editor in 0.00 ms.
Mono: successfully reloaded assembly
- Completed reload, in  0.821 seconds
Platform modules already initialized, skipping
Switching build target platform(19) subTarget(0) extendedPlatform(0) -> platform(13) subTarget(537395200) extendedPlatform(0)
Refreshing native plugins compatible for Editor in 0.15 ms, found 0 plugins.
Preloading 0 native plugins for Editor in 0.00 ms.
Unloading 1142 Unused Serialized files (Serialized files now loaded: 0)
System memory in use before: 75.4 MB.
System memory in use after: 75.5 MB.

Unloading 5 unused Assets to reduce memory usage. Loaded Objects now: 1721.
Total: 1.183100 ms (FindLiveObjects: 0.104800 ms CreateObjectMapping: 0.028900 ms MarkObjects: 1.014800 ms  DeleteObjects: 0.033900 ms)

AssetImportParameters requested are different than current active one (requested -> active):
  custom:graphics/normal-map-encoding: 01000000000000000000000000000000 -> 02000000000000000000000000000000
========================================================================
Received Prepare
Registering precompiled user dll's ...
Registered in 0.000421 seconds.
Begin MonoManager ReloadAssembly
Native extension for WindowsStandalone target not found
Native extension for WebGL target not found
Refreshing native plugins compatible for Editor in 0.16 ms, found 0 plugins.
Preloading 0 native plugins for Editor in 0.00 ms.
Mono: successfully reloaded assembly
- Completed reload, in  0.812 seconds
Platform modules already initialized, skipping
Switching build target platform(19) subTarget(0) extendedPlatform(0) -> platform(13) subTarget(537395200) extendedPlatform(0)
Refreshing native plugins compatible for Editor in 0.16 ms, found 0 plugins.
Preloading 0 native plugins for Editor in 0.00 ms.
Unloading 1142 Unused Serialized files (Serialized files now loaded: 0)
System memory in use before: 75.4 MB.
System memory in use after: 75.5 MB.

Unloading 5 unused Assets to reduce memory usage. Loaded Objects now: 1724.
Total: 1.206400 ms (FindLiveObjects: 0.097500 ms CreateObjectMapping: 0.025800 ms MarkObjects: 1.047400 ms  DeleteObjects: 0.035000 ms)

AssetImportParameters requested are different than current active one (requested -> active):
  custom:graphics/normal-map-encoding: 01000000000000000000000000000000 -> 02000000000000000000000000000000
========================================================================
Received Prepare
Registering precompiled user dll's ...
Registered in 0.000394 seconds.
Begin MonoManager ReloadAssembly
Native extension for WindowsStandalone target not found
Native extension for WebGL target not found
Refreshing native plugins compatible for Editor in 0.16 ms, found 0 plugins.
Preloading 0 native plugins for Editor in 0.00 ms.
Mono: successfully reloaded assembly
- Completed reload, in  0.810 seconds
Platform modules already initialized, skipping
Switching build target platform(19) subTarget(0) extendedPlatform(0) -> platform(13) subTarget(537395200) extendedPlatform(0)
Refreshing native plugins compatible for Editor in 0.16 ms, found 0 plugins.
Preloading 0 native plugins for Editor in 0.00 ms.
Unloading 1142 Unused Serialized files (Serialized files now loaded: 0)
System memory in use before: 75.4 MB.
System memory in use after: 75.5 MB.

Unloading 5 unused Assets to reduce memory usage. Loaded Objects now: 1727.
Total: 1.323700 ms (FindLiveObjects: 0.103300 ms CreateObjectMapping: 0.032100 ms MarkObjects: 1.151800 ms  DeleteObjects: 0.035800 ms)

AssetImportParameters requested are different than current active one (requested -> active):
  custom:graphics/normal-map-encoding: 01000000000000000000000000000000 -> 02000000000000000000000000000000
========================================================================
Received Prepare
Registering precompiled user dll's ...
Registered in 0.000589 seconds.
Begin MonoManager ReloadAssembly
Native extension for WindowsStandalone target not found
Native extension for WebGL target not found
Refreshing native plugins compatible for Editor in 0.17 ms, found 0 plugins.
Preloading 0 native plugins for Editor in 0.00 ms.
Mono: successfully reloaded assembly
- Completed reload, in  0.819 seconds
Platform modules already initialized, skipping
Switching build target platform(19) subTarget(0) extendedPlatform(0) -> platform(13) subTarget(537395200) extendedPlatform(0)
Refreshing native plugins compatible for Editor in 0.15 ms, found 0 plugins.
Preloading 0 native plugins for Editor in 0.00 ms.
Unloading 1142 Unused Serialized files (Serialized files now loaded: 0)
System memory in use before: 75.4 MB.
System memory in use after: 75.5 MB.

Unloading 5 unused Assets to reduce memory usage. Loaded Objects now: 1730.
Total: 1.470700 ms (FindLiveObjects: 0.111700 ms CreateObjectMapping: 0.054000 ms MarkObjects: 1.268300 ms  DeleteObjects: 0.035800 ms)

AssetImportParameters requested are different than current active one (requested -> active):
  custom:graphics/normal-map-encoding: 01000000000000000000000000000000 -> 02000000000000000000000000000000
AssetImportWorkerClient::OnTransportError - code=2 error=End of file
